GROUP,PACKAGE,CLASS,INSTRUCTION_MISSED,INSTRUCTION_COVERED,BRANCH_MISSED,BRANCH_COVERED,LINE_MISSED,LINE_COVERED,COMPLEXITY_MISSED,COMPLEXITY_COVERED,METHOD_MISSED,METHOD_COVERED
OpenWMS.org CORE: Service Registry,org.openwms.services,ServiceRegistryOtlpConfiguration.OtelConfiguration,0,8,0,0,0,2,0,2,0,2
OpenWMS.org CORE: Service Registry,org.openwms.services,ServiceRegistryOtlpConfiguration,3,0,0,0,1,0,1,0,1,0
OpenWMS.org CORE: Service Registry,org.openwms.services,WebSecurityConfiguration,27,32,0,0,5,6,2,3,2,3
OpenWMS.org CORE: Service Registry,org.openwms.services,ServiceRegistryRunner,5,21,0,0,2,2,1,3,1,3
