GROUP,PACKAGE,CLASS,INSTRUCTION_MISSED,INSTRUCTION_COVERED,BRANCH_MISSED,BRANCH_COVERED,LINE_MISSED,LINE_COVERED,COMPLEXITY_MISSED,COMPLEXITY_COVERED,METHOD_MISSED,METHOD_COVERED
OpenWMS.org CORE: Service Registry,org.openwms.services.app,ServiceRegistryModuleConfiguration,0,21,0,0,0,2,0,3,0,3
OpenWMS.org CORE: Service Registry,org.openwms.services.app,ServiceRegistrySecurityConfiguration,27,32,0,0,5,5,2,3,2,3
OpenWMS.org CORE: Service Registry,org.openwms.services.app,ServiceRegistryOtlpConfiguration,8,0,0,0,2,0,2,0,2,0
OpenWMS.org CORE: Service Registry,org.openwms.services,ServiceRegistryRunner,5,3,0,0,2,1,1,1,1,1
